<?xml version="1.0" encoding="UTF-8"?>
<testsuite name="com.equalexperts.fb.FizzBuzzTest" tests="7" skipped="0" failures="0" errors="0" timestamp="2019-11-11T17:01:34" hostname="Jays-MacBook-Pro.local" time="0.016">
  <properties/>
  <testcase name="shouldReturnFizzBuzzWithOtherNumbers" classname="com.equalexperts.fb.FizzBuzzTest" time="0.013"/>
  <testcase name="shouldReturnNumberItselfWhenItIsNotFizzbuzzNumbers" classname="com.equalexperts.fb.FizzBuzzTest" time="0.0"/>
  <testcase name="shouldCombineTheNumbersWhenRangeHasMultipleNumbers" classname="com.equalexperts.fb.FizzBuzzTest" time="0.0"/>
  <testcase name="shouldReturnFizzWithOtherNumbers" classname="com.equalexperts.fb.FizzBuzzTest" time="0.0"/>
  <testcase name="shouldReturnBuzzWithOtherNumbers" classname="com.equalexperts.fb.FizzBuzzTest" time="0.0"/>
  <testcase name="shouldReturnLuckyWhereNumberContainsThree" classname="com.equalexperts.fb.FizzBuzzTest" time="0.001"/>
  <testcase name="shouldReturnNumbersWithFizzBuzz" classname="com.equalexperts.fb.FizzBuzzTest" time="0.0"/>
  <system-out><![CDATA[]]></system-out>
  <system-err><![CDATA[]]></system-err>
</testsuite>
